TN:
SF:handler.js
FN:14,(anonymous_0)
FN:20,(anonymous_1)
FN:35,(anonymous_2)
FN:45,(anonymous_3)
FN:60,(anonymous_4)
FN:74,(anonymous_5)
FN:92,(anonymous_6)
FN:124,(anonymous_7)
FNF:8
FNH:8
FNDA:53,(anonymous_0)
FNDA:9,(anonymous_1)
FNDA:6,(anonymous_2)
FNDA:11,(anonymous_3)
FNDA:11,(anonymous_4)
FNDA:13,(anonymous_5)
FNDA:14,(anonymous_6)
FNDA:3,(anonymous_7)
DA:1,7
DA:2,7
DA:3,7
DA:4,7
DA:7,7
DA:14,53
DA:20,7
DA:21,9
DA:22,9
DA:23,8
DA:24,3
DA:26,5
DA:27,5
DA:28,3
DA:30,3
DA:31,3
DA:35,7
DA:36,6
DA:37,6
DA:38,4
DA:40,2
DA:41,2
DA:45,7
DA:46,11
DA:47,11
DA:48,11
DA:49,4
DA:51,7
DA:52,5
DA:53,3
DA:55,2
DA:56,2
DA:60,7
DA:61,11
DA:62,11
DA:63,11
DA:64,4
DA:66,7
DA:67,5
DA:69,2
DA:70,2
DA:74,7
DA:75,13
DA:76,13
DA:77,13
DA:78,2
DA:81,11
DA:83,10
DA:85,10
DA:86,10
DA:87,3
DA:90,7
DA:91,7
DA:92,7
DA:93,14
DA:94,14
DA:95,14
DA:96,14
DA:97,14
DA:100,7
DA:110,7
DA:111,4
DA:115,4
DA:116,1
DA:118,3
DA:119,3
DA:124,7
DA:125,3
LF:68
LH:68
BRDA:14,0,0,53
BRDA:17,1,0,8
BRDA:17,1,1,45
BRDA:22,2,0,9
BRDA:22,2,1,0
BRDA:23,3,0,3
BRDA:23,3,1,5
BRDA:47,4,0,11
BRDA:47,4,1,1
BRDA:48,5,0,4
BRDA:48,5,1,7
BRDA:52,6,0,2
BRDA:52,6,1,3
BRDA:62,7,0,11
BRDA:62,7,1,1
BRDA:63,8,0,4
BRDA:63,8,1,7
BRDA:76,9,0,13
BRDA:76,9,1,12
BRDA:77,10,0,2
BRDA:77,10,1,11
BRDA:81,11,0,11
BRDA:81,11,1,0
BRDA:86,12,0,3
BRDA:86,12,1,7
BRDA:115,13,0,1
BRDA:115,13,1,3
BRDA:115,14,0,4
BRDA:115,14,1,4
BRF:29
BRH:27
end_of_record
